1708073477.299516 client started (12546): version 3.3a, socket /tmp/tmux-1000/default, protocol 8
1708073477.299545 on Linux 6.6.13-amd64 #1 SMP PREEMPT_DYNAMIC Debian 6.6.13-1 (2024-01-20)
1708073477.299550 using libevent 2.1.12-stable (poll); ncurses 6.4
1708073477.299577 flags are 0x18010000
1708073477.299583 socket is /tmp/tmux-1000/default
1708073477.299600 trying connect
1708073477.299621 connect failed: No such file or directory
1708073477.299632 lock file is /tmp/tmux-1000/default.lock
1708073477.299661 flock succeeded
1708073477.299666 got lock (6)
1708073477.299675 trying connect
1708073477.299685 connect failed: No such file or directory
1708073477.299936 add peer 0x56073e159530: 7 ((nil))
1708073477.300415 sending message 100 to peer 0x56073e159530 (4 bytes)
1708073477.300425 sending message 111 to peer 0x56073e159530 (8 bytes)
1708073477.300432 sending message 101 to peer 0x56073e159530 (15 bytes)
1708073477.300436 sending message 109 to peer 0x56073e159530 (4 bytes)
1708073477.300440 sending message 102 to peer 0x56073e159530 (11 bytes)
1708073477.300444 sending message 108 to peer 0x56073e159530 (67 bytes)
1708073477.300448 sending message 112 to peer 0x56073e159530 (58 bytes)
1708073477.300454 sending message 112 to peer 0x56073e159530 (5 bytes)
1708073477.300459 sending message 112 to peer 0x56073e159530 (5 bytes)
1708073477.300464 sending message 112 to peer 0x56073e159530 (6 bytes)
1708073477.300469 sending message 112 to peer 0x56073e159530 (6 bytes)
1708073477.300475 sending message 112 to peer 0x56073e159530 (11 bytes)
1708073477.300480 sending message 112 to peer 0x56073e159530 (10 bytes)
1708073477.300485 sending message 112 to peer 0x56073e159530 (13 bytes)
1708073477.300490 sending message 112 to peer 0x56073e159530 (14 bytes)
1708073477.300494 sending message 112 to peer 0x56073e159530 (19 bytes)
1708073477.300498 sending message 112 to peer 0x56073e159530 (11 bytes)
1708073477.300505 sending message 112 to peer 0x56073e159530 (10 bytes)
1708073477.300511 sending message 112 to peer 0x56073e159530 (15 bytes)
1708073477.300517 sending message 112 to peer 0x56073e159530 (21 bytes)
1708073477.300522 sending message 112 to peer 0x56073e159530 (13 bytes)
1708073477.300526 sending message 112 to peer 0x56073e159530 (7 bytes)
1708073477.300531 sending message 112 to peer 0x56073e159530 (13 bytes)
1708073477.300535 sending message 112 to peer 0x56073e159530 (7 bytes)
1708073477.300539 sending message 112 to peer 0x56073e159530 (13 bytes)
1708073477.300543 sending message 112 to peer 0x56073e159530 (9 bytes)
1708073477.300548 sending message 112 to peer 0x56073e159530 (21 bytes)
1708073477.300552 sending message 112 to peer 0x56073e159530 (13 bytes)
1708073477.300556 sending message 112 to peer 0x56073e159530 (9 bytes)
1708073477.300561 sending message 112 to peer 0x56073e159530 (16 bytes)
1708073477.300566 sending message 112 to peer 0x56073e159530 (13 bytes)
1708073477.300570 sending message 112 to peer 0x56073e159530 (9 bytes)
1708073477.300574 sending message 112 to peer 0x56073e159530 (9 bytes)
1708073477.300579 sending message 112 to peer 0x56073e159530 (12 bytes)
1708073477.300583 sending message 112 to peer 0x56073e159530 (8 bytes)
1708073477.300587 sending message 112 to peer 0x56073e159530 (8 bytes)
1708073477.300592 sending message 112 to peer 0x56073e159530 (13 bytes)
1708073477.300596 sending message 112 to peer 0x56073e159530 (7 bytes)
1708073477.300600 sending message 112 to peer 0x56073e159530 (7 bytes)
1708073477.300605 sending message 112 to peer 0x56073e159530 (9 bytes)
1708073477.300608 sending message 112 to peer 0x56073e159530 (9 bytes)
1708073477.300612 sending message 112 to peer 0x56073e159530 (15 bytes)
1708073477.300616 sending message 112 to peer 0x56073e159530 (13 bytes)
1708073477.300620 sending message 112 to peer 0x56073e159530 (12 bytes)
1708073477.300623 sending message 112 to peer 0x56073e159530 (8 bytes)
1708073477.300627 sending message 112 to peer 0x56073e159530 (14 bytes)
1708073477.300631 sending message 112 to peer 0x56073e159530 (11 bytes)
1708073477.300635 sending message 112 to peer 0x56073e159530 (9 bytes)
1708073477.300647 sending message 112 to peer 0x56073e159530 (10 bytes)
1708073477.300651 sending message 112 to peer 0x56073e159530 (10 bytes)
1708073477.300655 sending message 112 to peer 0x56073e159530 (10 bytes)
1708073477.300659 sending message 112 to peer 0x56073e159530 (10 bytes)
1708073477.300662 sending message 112 to peer 0x56073e159530 (11 bytes)
1708073477.300666 sending message 112 to peer 0x56073e159530 (12 bytes)
1708073477.300670 sending message 112 to peer 0x56073e159530 (12 bytes)
1708073477.300673 sending message 112 to peer 0x56073e159530 (12 bytes)
1708073477.300677 sending message 112 to peer 0x56073e159530 (12 bytes)
1708073477.300681 sending message 112 to peer 0x56073e159530 (12 bytes)
1708073477.300684 sending message 112 to peer 0x56073e159530 (11 bytes)
1708073477.300688 sending message 112 to peer 0x56073e159530 (11 bytes)
1708073477.300692 sending message 112 to peer 0x56073e159530 (12 bytes)
1708073477.300696 sending message 112 to peer 0x56073e159530 (12 bytes)
1708073477.300699 sending message 112 to peer 0x56073e159530 (12 bytes)
1708073477.300703 sending message 112 to peer 0x56073e159530 (12 bytes)
1708073477.300707 sending message 112 to peer 0x56073e159530 (12 bytes)
1708073477.300711 sending message 112 to peer 0x56073e159530 (9 bytes)
1708073477.300715 sending message 112 to peer 0x56073e159530 (12 bytes)
1708073477.300719 sending message 112 to peer 0x56073e159530 (13 bytes)
1708073477.300723 sending message 112 to peer 0x56073e159530 (13 bytes)
1708073477.300727 sending message 112 to peer 0x56073e159530 (13 bytes)
1708073477.300731 sending message 112 to peer 0x56073e159530 (13 bytes)
1708073477.300735 sending message 112 to peer 0x56073e159530 (13 bytes)
1708073477.300739 sending message 112 to peer 0x56073e159530 (8 bytes)
1708073477.300743 sending message 112 to peer 0x56073e159530 (11 bytes)
1708073477.300746 sending message 112 to peer 0x56073e159530 (11 bytes)
1708073477.300750 sending message 112 to peer 0x56073e159530 (11 bytes)
1708073477.300754 sending message 112 to peer 0x56073e159530 (12 bytes)
1708073477.300758 sending message 112 to peer 0x56073e159530 (12 bytes)
1708073477.300762 sending message 112 to peer 0x56073e159530 (12 bytes)
1708073477.300766 sending message 112 to peer 0x56073e159530 (12 bytes)
1708073477.300770 sending message 112 to peer 0x56073e159530 (13 bytes)
1708073477.300774 sending message 112 to peer 0x56073e159530 (13 bytes)
1708073477.300778 sending message 112 to peer 0x56073e159530 (13 bytes)
1708073477.300782 sending message 112 to peer 0x56073e159530 (8 bytes)
1708073477.300786 sending message 112 to peer 0x56073e159530 (13 bytes)
1708073477.300790 sending message 112 to peer 0x56073e159530 (13 bytes)
1708073477.300794 sending message 112 to peer 0x56073e159530 (13 bytes)
1708073477.300797 sending message 112 to peer 0x56073e159530 (13 bytes)
1708073477.300801 sending message 112 to peer 0x56073e159530 (13 bytes)
1708073477.300806 sending message 112 to peer 0x56073e159530 (12 bytes)
1708073477.300809 sending message 112 to peer 0x56073e159530 (12 bytes)
1708073477.300813 sending message 112 to peer 0x56073e159530 (12 bytes)
1708073477.300817 sending message 112 to peer 0x56073e159530 (12 bytes)
1708073477.300821 sending message 112 to peer 0x56073e159530 (13 bytes)
1708073477.300825 sending message 112 to peer 0x56073e159530 (8 bytes)
1708073477.300830 sending message 112 to peer 0x56073e159530 (13 bytes)
1708073477.300834 sending message 112 to peer 0x56073e159530 (13 bytes)
1708073477.300838 sending message 112 to peer 0x56073e159530 (13 bytes)
1708073477.300843 sending message 112 to peer 0x56073e159530 (13 bytes)
1708073477.300847 sending message 112 to peer 0x56073e159530 (13 bytes)
1708073477.300852 sending message 112 to peer 0x56073e159530 (13 bytes)
1708073477.300856 sending message 112 to peer 0x56073e159530 (13 bytes)
1708073477.300861 sending message 112 to peer 0x56073e159530 (12 bytes)
1708073477.300866 sending message 112 to peer 0x56073e159530 (12 bytes)
1708073477.300870 sending message 112 to peer 0x56073e159530 (12 bytes)
1708073477.300882 sending message 112 to peer 0x56073e159530 (8 bytes)
1708073477.300887 sending message 112 to peer 0x56073e159530 (12 bytes)
1708073477.300891 sending message 112 to peer 0x56073e159530 (13 bytes)
1708073477.300896 sending message 112 to peer 0x56073e159530 (13 bytes)
1708073477.300900 sending message 112 to peer 0x56073e159530 (13 bytes)
1708073477.300905 sending message 112 to peer 0x56073e159530 (13 bytes)
1708073477.300910 sending message 112 to peer 0x56073e159530 (13 bytes)
1708073477.300914 sending message 112 to peer 0x56073e159530 (13 bytes)
1708073477.300919 sending message 112 to peer 0x56073e159530 (13 bytes)
1708073477.300923 sending message 112 to peer 0x56073e159530 (13 bytes)
1708073477.300928 sending message 112 to peer 0x56073e159530 (12 bytes)
1708073477.300933 sending message 112 to peer 0x56073e159530 (10 bytes)
1708073477.300938 sending message 112 to peer 0x56073e159530 (12 bytes)
1708073477.300942 sending message 112 to peer 0x56073e159530 (12 bytes)
1708073477.300947 sending message 112 to peer 0x56073e159530 (12 bytes)
1708073477.300952 sending message 112 to peer 0x56073e159530 (13 bytes)
1708073477.300956 sending message 112 to peer 0x56073e159530 (13 bytes)
1708073477.300961 sending message 112 to peer 0x56073e159530 (13 bytes)
1708073477.300966 sending message 112 to peer 0x56073e159530 (13 bytes)
1708073477.300970 sending message 112 to peer 0x56073e159530 (13 bytes)
1708073477.300975 sending message 112 to peer 0x56073e159530 (13 bytes)
1708073477.300979 sending message 112 to peer 0x56073e159530 (13 bytes)
1708073477.300983 sending message 112 to peer 0x56073e159530 (10 bytes)
1708073477.300988 sending message 112 to peer 0x56073e159530 (13 bytes)
1708073477.300993 sending message 112 to peer 0x56073e159530 (12 bytes)
1708073477.300998 sending message 112 to peer 0x56073e159530 (12 bytes)
1708073477.301002 sending message 112 to peer 0x56073e159530 (12 bytes)
1708073477.301007 sending message 112 to peer 0x56073e159530 (10 bytes)
1708073477.301012 sending message 112 to peer 0x56073e159530 (10 bytes)
1708073477.301016 sending message 112 to peer 0x56073e159530 (10 bytes)
1708073477.301021 sending message 112 to peer 0x56073e159530 (12 bytes)
1708073477.301026 sending message 112 to peer 0x56073e159530 (13 bytes)
1708073477.301031 sending message 112 to peer 0x56073e159530 (13 bytes)
1708073477.301036 sending message 112 to peer 0x56073e159530 (13 bytes)
1708073477.301040 sending message 112 to peer 0x56073e159530 (13 bytes)
1708073477.301045 sending message 112 to peer 0x56073e159530 (13 bytes)
1708073477.301049 sending message 112 to peer 0x56073e159530 (10 bytes)
1708073477.301054 sending message 112 to peer 0x56073e159530 (11 bytes)
1708073477.301058 sending message 112 to peer 0x56073e159530 (12 bytes)
1708073477.301063 sending message 112 to peer 0x56073e159530 (12 bytes)
1708073477.301067 sending message 112 to peer 0x56073e159530 (12 bytes)
1708073477.301072 sending message 112 to peer 0x56073e159530 (12 bytes)
1708073477.301076 sending message 112 to peer 0x56073e159530 (12 bytes)
1708073477.301081 sending message 112 to peer 0x56073e159530 (11 bytes)
1708073477.301086 sending message 112 to peer 0x56073e159530 (12 bytes)
1708073477.301090 sending message 112 to peer 0x56073e159530 (12 bytes)
1708073477.301095 sending message 112 to peer 0x56073e159530 (13 bytes)
1708073477.301100 sending message 112 to peer 0x56073e159530 (13 bytes)
1708073477.301104 sending message 112 to peer 0x56073e159530 (13 bytes)
1708073477.301109 sending message 112 to peer 0x56073e159530 (13 bytes)
1708073477.301114 sending message 112 to peer 0x56073e159530 (13 bytes)
1708073477.301146 sending message 112 to peer 0x56073e159530 (10 bytes)
1708073477.301150 sending message 112 to peer 0x56073e159530 (9 bytes)
1708073477.301154 sending message 112 to peer 0x56073e159530 (12 bytes)
1708073477.301158 sending message 112 to peer 0x56073e159530 (13 bytes)
1708073477.301163 sending message 112 to peer 0x56073e159530 (13 bytes)
1708073477.301167 sending message 112 to peer 0x56073e159530 (13 bytes)
1708073477.301175 sending message 112 to peer 0x56073e159530 (13 bytes)
1708073477.301180 sending message 112 to peer 0x56073e159530 (13 bytes)
1708073477.301185 sending message 112 to peer 0x56073e159530 (9 bytes)
1708073477.301189 sending message 112 to peer 0x56073e159530 (12 bytes)
1708073477.301194 sending message 112 to peer 0x56073e159530 (13 bytes)
1708073477.301199 sending message 112 to peer 0x56073e159530 (13 bytes)
1708073477.301203 sending message 112 to peer 0x56073e159530 (13 bytes)
1708073477.301207 sending message 112 to peer 0x56073e159530 (13 bytes)
1708073477.301212 sending message 112 to peer 0x56073e159530 (13 bytes)
1708073477.301216 sending message 112 to peer 0x56073e159530 (11 bytes)
1708073477.301221 sending message 112 to peer 0x56073e159530 (12 bytes)
1708073477.301226 sending message 112 to peer 0x56073e159530 (13 bytes)
1708073477.301230 sending message 112 to peer 0x56073e159530 (13 bytes)
1708073477.301235 sending message 112 to peer 0x56073e159530 (13 bytes)
1708073477.301239 sending message 112 to peer 0x56073e159530 (13 bytes)
1708073477.301244 sending message 112 to peer 0x56073e159530 (13 bytes)
1708073477.301248 sending message 112 to peer 0x56073e159530 (11 bytes)
1708073477.301253 sending message 112 to peer 0x56073e159530 (12 bytes)
1708073477.301258 sending message 112 to peer 0x56073e159530 (12 bytes)
1708073477.301262 sending message 112 to peer 0x56073e159530 (12 bytes)
1708073477.301267 sending message 112 to peer 0x56073e159530 (12 bytes)
1708073477.301271 sending message 112 to peer 0x56073e159530 (12 bytes)
1708073477.301276 sending message 112 to peer 0x56073e159530 (21 bytes)
1708073477.301280 sending message 112 to peer 0x56073e159530 (12 bytes)
1708073477.301285 sending message 112 to peer 0x56073e159530 (9 bytes)
1708073477.301289 sending message 112 to peer 0x56073e159530 (6 bytes)
1708073477.301293 sending message 112 to peer 0x56073e159530 (13 bytes)
1708073477.301298 sending message 112 to peer 0x56073e159530 (10 bytes)
1708073477.301303 sending message 112 to peer 0x56073e159530 (24 bytes)
1708073477.301307 sending message 112 to peer 0x56073e159530 (13 bytes)
1708073477.301312 sending message 112 to peer 0x56073e159530 (9 bytes)
1708073477.301316 sending message 112 to peer 0x56073e159530 (70 bytes)
1708073477.301321 sending message 112 to peer 0x56073e159530 (69 bytes)
1708073477.301325 sending message 112 to peer 0x56073e159530 (12 bytes)
1708073477.301330 sending message 112 to peer 0x56073e159530 (10 bytes)
1708073477.301334 sending message 112 to peer 0x56073e159530 (10 bytes)
1708073477.301339 sending message 112 to peer 0x56073e159530 (24 bytes)
1708073477.301344 sending message 112 to peer 0x56073e159530 (13 bytes)
1708073477.301348 sending message 112 to peer 0x56073e159530 (10 bytes)
1708073477.301352 sending message 112 to peer 0x56073e159530 (10 bytes)
1708073477.301356 sending message 112 to peer 0x56073e159530 (10 bytes)
1708073477.301360 sending message 112 to peer 0x56073e159530 (13 bytes)
1708073477.301364 sending message 112 to peer 0x56073e159530 (15 bytes)
1708073477.301368 sending message 112 to peer 0x56073e159530 (5 bytes)
1708073477.301373 sending message 104 to peer 0x56073e159530 (0 bytes)
1708073477.301379 sending message 110 to peer 0x56073e159530 (0 bytes)
1708073477.301385 sending message 107 to peer 0x56073e159530 (4 bytes)
1708073477.301389 sending message 105 to peer 0x56073e159530 (33 bytes)
1708073477.301394 sending message 105 to peer 0x56073e159530 (47 bytes)
1708073477.301398 sending message 105 to peer 0x56073e159530 (29 bytes)
1708073477.301402 sending message 105 to peer 0x56073e159530 (14 bytes)
1708073477.301407 sending message 105 to peer 0x56073e159530 (23 bytes)
1708073477.301411 sending message 105 to peer 0x56073e159530 (24 bytes)
1708073477.301415 sending message 105 to peer 0x56073e159530 (18 bytes)
1708073477.301422 sending message 105 to peer 0x56073e159530 (31 bytes)
1708073477.301426 sending message 105 to peer 0x56073e159530 (24 bytes)
1708073477.301431 sending message 105 to peer 0x56073e159530 (51 bytes)
1708073477.301438 sending message 105 to peer 0x56073e159530 (28 bytes)
1708073477.301442 sending message 105 to peer 0x56073e159530 (17 bytes)
1708073477.301446 sending message 105 to peer 0x56073e159530 (73 bytes)
1708073477.301451 sending message 105 to peer 0x56073e159530 (152 bytes)
1708073477.301455 sending message 105 to peer 0x56073e159530 (21 bytes)
1708073477.301459 sending message 105 to peer 0x56073e159530 (52 bytes)
1708073477.301464 sending message 105 to peer 0x56073e159530 (86 bytes)
1708073477.301468 sending message 105 to peer 0x56073e159530 (71 bytes)
1708073477.301472 sending message 105 to peer 0x56073e159530 (31 bytes)
1708073477.301476 sending message 105 to peer 0x56073e159530 (15 bytes)
1708073477.301480 sending message 105 to peer 0x56073e159530 (15 bytes)
1708073477.301484 sending message 105 to peer 0x56073e159530 (20 bytes)
1708073477.301488 sending message 105 to peer 0x56073e159530 (16 bytes)
1708073477.301492 sending message 105 to peer 0x56073e159530 (23 bytes)
1708073477.301497 sending message 105 to peer 0x56073e159530 (28 bytes)
1708073477.301501 sending message 105 to peer 0x56073e159530 (94 bytes)
1708073477.301506 sending message 105 to peer 0x56073e159530 (22 bytes)
1708073477.301510 sending message 105 to peer 0x56073e159530 (11 bytes)
1708073477.301514 sending message 105 to peer 0x56073e159530 (96 bytes)
1708073477.301518 sending message 105 to peer 0x56073e159530 (16 bytes)
1708073477.301523 sending message 105 to peer 0x56073e159530 (22 bytes)
1708073477.301527 sending message 105 to peer 0x56073e159530 (50 bytes)
1708073477.301531 sending message 105 to peer 0x56073e159530 (20 bytes)
1708073477.301535 sending message 105 to peer 0x56073e159530 (27 bytes)
1708073477.301539 sending message 105 to peer 0x56073e159530 (23 bytes)
1708073477.301544 sending message 105 to peer 0x56073e159530 (47 bytes)
1708073477.301548 sending message 105 to peer 0x56073e159530 (58 bytes)
1708073477.301553 sending message 105 to peer 0x56073e159530 (120 bytes)
1708073477.301557 sending message 105 to peer 0x56073e159530 (23 bytes)
1708073477.301561 sending message 105 to peer 0x56073e159530 (21 bytes)
1708073477.301565 sending message 105 to peer 0x56073e159530 (10 bytes)
1708073477.301569 sending message 105 to peer 0x56073e159530 (29 bytes)
1708073477.301573 sending message 105 to peer 0x56073e159530 (52 bytes)
1708073477.301581 sending message 105 to peer 0x56073e159530 (30 bytes)
1708073477.301585 sending message 105 to peer 0x56073e159530 (50 bytes)
1708073477.301589 sending message 105 to peer 0x56073e159530 (19 bytes)
1708073477.301593 sending message 105 to peer 0x56073e159530 (20 bytes)
1708073477.301597 sending message 105 to peer 0x56073e159530 (19 bytes)
1708073477.301601 sending message 105 to peer 0x56073e159530 (11 bytes)
1708073477.301606 sending message 105 to peer 0x56073e159530 (56 bytes)
1708073477.301610 sending message 105 to peer 0x56073e159530 (201 bytes)
1708073477.301614 sending message 105 to peer 0x56073e159530 (11 bytes)
1708073477.301619 sending message 105 to peer 0x56073e159530 (8 bytes)
1708073477.301623 sending message 105 to peer 0x56073e159530 (58 bytes)
1708073477.301627 sending message 105 to peer 0x56073e159530 (22 bytes)
1708073477.301632 sending message 105 to peer 0x56073e159530 (13 bytes)
1708073477.301636 sending message 105 to peer 0x56073e159530 (17 bytes)
1708073477.301640 sending message 105 to peer 0x56073e159530 (54 bytes)
1708073477.301645 sending message 105 to peer 0x56073e159530 (13 bytes)
1708073477.301649 sending message 105 to peer 0x56073e159530 (30 bytes)
1708073477.301654 sending message 106 to peer 0x56073e159530 (0 bytes)
1708073477.301725 sending message 200 to peer 0x56073e159530 (4 bytes)
1708073477.301730 client loop enter
1708073477.301756 client_signal: Child exited
1708073477.348513 peer 0x56073e159530 message 207
1708073477.348534 sending message 208 to peer 0x56073e159530 (0 bytes)
1708073480.084637 peer 0x56073e159530 message 203
1708073480.084686 sending message 205 to peer 0x56073e159530 (0 bytes)
1708073480.086114 peer 0x56073e159530 message 204
1708073480.086155 client loop exit
